{"/workspaces/CS618/backend/src/db/init.js": {"path":"/workspaces/CS618/backend/src/db/init.js","statementMap":{"0":{"start":{"line":3,"column":23},"end":{"line":3,"column":47}},"1":{"start":{"line":4,"column":2},"end":{"line":6,"column":5}},"2":{"start":{"line":5,"column":4},"end":{"line":5,"column":70}},"3":{"start":{"line":7,"column":21},"end":{"line":7,"column":51}},"4":{"start":{"line":8,"column":2},"end":{"line":8,"column":20}}},"fnMap":{"0":{"name":"initDatabase","decl":{"start":{"line":2,"column":16},"end":{"line":2,"column":28}},"loc":{"start":{"line":2,"column":31},"end":{"line":9,"column":1}},"line":2},"1":{"name":"(anonymous_1)","decl":{"start":{"line":4,"column":33},"end":{"line":4,"column":34}},"loc":{"start":{"line":4,"column":39},"end":{"line":6,"column":3}},"line":4}},"branchMap":{},"s":{"0":1,"1":1,"2":1,"3":1,"4":1},"f":{"0":1,"1":1},"b":{},"_coverageSchema":"1a1c01bbd47fc00a2c39e90264f33305004495a9","hash":"f2a3065bbd0cabeac719605d3b5f9c3b4eed4ee4"}
,"/workspaces/CS618/backend/src/db/models/post.js": {"path":"/workspaces/CS618/backend/src/db/models/post.js","statementMap":{"0":{"start":{"line":2,"column":19},"end":{"line":10,"column":1}},"1":{"start":{"line":11,"column":20},"end":{"line":11,"column":54}}},"fnMap":{},"branchMap":{},"s":{"0":1,"1":1},"f":{},"b":{},"_coverageSchema":"1a1c01bbd47fc00a2c39e90264f33305004495a9","hash":"53fe2141ab8e8f992bc370606ee43dc9e3072cbe"}
,"/workspaces/CS618/backend/src/services/posts.js": {"path":"/workspaces/CS618/backend/src/services/posts.js","statementMap":{"0":{"start":{"line":3,"column":15},"end":{"line":3,"column":58}},"1":{"start":{"line":4,"column":2},"end":{"line":4,"column":27}},"2":{"start":{"line":11,"column":2},"end":{"line":11,"column":62}},"3":{"start":{"line":14,"column":2},"end":{"line":14,"column":38}},"4":{"start":{"line":17,"column":2},"end":{"line":17,"column":46}},"5":{"start":{"line":20,"column":2},"end":{"line":20,"column":44}},"6":{"start":{"line":24,"column":2},"end":{"line":24,"column":37}},"7":{"start":{"line":27,"column":2},"end":{"line":31,"column":4}},"8":{"start":{"line":34,"column":2},"end":{"line":34,"column":47}}},"fnMap":{"0":{"name":"createPost","decl":{"start":{"line":2,"column":22},"end":{"line":2,"column":32}},"loc":{"start":{"line":2,"column":68},"end":{"line":5,"column":1}},"line":2},"1":{"name":"listPosts","decl":{"start":{"line":7,"column":15},"end":{"line":7,"column":24}},"loc":{"start":{"line":10,"column":2},"end":{"line":12,"column":1}},"line":10},"2":{"name":"listAllPosts","decl":{"start":{"line":13,"column":22},"end":{"line":13,"column":34}},"loc":{"start":{"line":13,"column":44},"end":{"line":15,"column":1}},"line":13},"3":{"name":"listPostsByAuthor","decl":{"start":{"line":16,"column":22},"end":{"line":16,"column":39}},"loc":{"start":{"line":16,"column":57},"end":{"line":18,"column":1}},"line":16},"4":{"name":"listPostsByTag","decl":{"start":{"line":19,"column":22},"end":{"line":19,"column":36}},"loc":{"start":{"line":19,"column":52},"end":{"line":21,"column":1}},"line":19},"5":{"name":"getPostById","decl":{"start":{"line":23,"column":22},"end":{"line":23,"column":33}},"loc":{"start":{"line":23,"column":42},"end":{"line":25,"column":1}},"line":23},"6":{"name":"updatePost","decl":{"start":{"line":26,"column":22},"end":{"line":26,"column":32}},"loc":{"start":{"line":26,"column":76},"end":{"line":32,"column":1}},"line":26},"7":{"name":"deletePost","decl":{"start":{"line":33,"column":22},"end":{"line":33,"column":32}},"loc":{"start":{"line":33,"column":41},"end":{"line":35,"column":1}},"line":33}},"branchMap":{"0":{"loc":{"start":{"line":8,"column":2},"end":{"line":8,"column":12}},"type":"default-arg","locations":[{"start":{"line":8,"column":10},"end":{"line":8,"column":12}}],"line":8},"1":{"loc":{"start":{"line":9,"column":2},"end":{"line":9,"column":57}},"type":"default-arg","locations":[{"start":{"line":9,"column":55},"end":{"line":9,"column":57}}],"line":9},"2":{"loc":{"start":{"line":9,"column":4},"end":{"line":9,"column":24}},"type":"default-arg","locations":[{"start":{"line":9,"column":13},"end":{"line":9,"column":24}}],"line":9},"3":{"loc":{"start":{"line":9,"column":26},"end":{"line":9,"column":50}},"type":"default-arg","locations":[{"start":{"line":9,"column":38},"end":{"line":9,"column":50}}],"line":9}},"s":{"0":3,"1":3,"2":5,"3":3,"4":1,"5":1,"6":2,"7":4,"8":2},"f":{"0":3,"1":5,"2":3,"3":1,"4":1,"5":2,"6":4,"7":2},"b":{"0":[0],"1":[4],"2":[4],"3":[4]},"_coverageSchema":"1a1c01bbd47fc00a2c39e90264f33305004495a9","hash":"9ea82ced9c530da6de012f8dc75ff9bbc1d024b9"}
}
