TN:
SF:src/db/init.js
FN:2,initDatabase
FN:4,(anonymous_1)
FNF:2
FNH:2
FNDA:1,initDatabase
FNDA:1,(anonymous_1)
DA:3,1
DA:4,1
DA:5,1
DA:7,1
DA:8,1
LF:5
LH:5
BRF:0
BRH:0
end_of_record
TN:
SF:src/db/models/post.js
FNF:0
FNH:0
DA:2,1
DA:11,1
LF:2
LH:2
BRF:0
BRH:0
end_of_record
TN:
SF:src/services/posts.js
FN:2,createPost
FN:7,listPosts
FN:13,listAllPosts
FN:16,listPostsByAuthor
FN:19,listPostsByTag
FN:23,getPostById
FN:26,updatePost
FN:33,deletePost
FNF:8
FNH:8
FNDA:3,createPost
FNDA:5,listPosts
FNDA:3,listAllPosts
FNDA:1,listPostsByAuthor
FNDA:1,listPostsByTag
FNDA:2,getPostById
FNDA:4,updatePost
FNDA:2,deletePost
DA:3,3
DA:4,3
DA:11,5
DA:14,3
DA:17,1
DA:20,1
DA:24,2
DA:27,4
DA:34,2
LF:9
LH:9
BRDA:8,0,0,0
BRDA:9,1,0,4
BRDA:9,2,0,4
BRDA:9,3,0,4
BRF:4
BRH:3
end_of_record
